Selecting toprank stocks before 10 days ...
daysBefore: 10 pick date: 2016-10-08 - 2016-10-13
[Getting data:]#[Getting data:][Getting data:]#[Getting data:][Getting data:]#[Getting data:][Getting data:]#[Getting data:][Getting data:]#[Getting data:][Getting data:]#[Getting data:][Getting data:]#[Getting data:][Getting data:]#[Getting data:][Getting data:]#[Getting data:][Getting data:]#[Getting data:][Getting data:]#[Getting data:][Getting data:]#[Getting data:][Getting data:]#[Getting data:][Getting data:]#[Getting data:][Getting data:]#[Getting data:][Getting data:]#[Getting data:][Getting data:]#[Getting data:][Getting data:]#[Getting data:][Getting data:]#[Getting data:][Getting data:]#[Getting data:][Getting data:]#[Getting data:][Getting data:]#[Getting data:][Getting data:]#[Getting data:][Getting data:]#[Getting data:][Getting data:]#[Getting data:][Getting data:]#[Getting data:][Getting data:]#[Getting data:][Getting data:]#[Getting data:][Getting data:]#[Getting data:][Getting data:]#[Getting data:][Getting data:]#[Getting data:][Getting data:]#[Getting data:][Getting data:]#[Getting data:][Getting data:]#[Getting data:][Getting data:]#[Getting data:][Getting data:]#[Getting data:][Getting data:]#[Getting data:][Getting data:]#[Getting data:][Getting data:]#[Getting data:][Getting data:]#[Getting data:]
RankCrown on daysBefore 10 Len: 5
Stock: 300232 weightIR: 9.79988884297
Stock: 300317 weightIR: 5.93139922395
Stock: 600817 weightIR: 3.22403318193
Stock: 002119 weightIR: 0.755724929441
Stock: 300301 weightIR: 0.237184809811
daysBefore: 9 pick date: 2016-10-09 - 2016-10-14
[Getting data:]#[Getting data:][Getting data:]#[Getting data:][Getting data:]#[Getting data:][Getting data:]#[Getting data:][Getting data:]#[Getting data:][Getting data:]#[Getting data:][Getting data:]#[Getting data:][Getting data:]#[Getting data:][Getting data:]#[Getting data:][Getting data:]#[Getting data:][Getting data:]#[Getting data:][Getting data:]#[Getting data:][Getting data:]#[Getting data:][Getting data:]#[Getting data:][Getting data:]#[Getting data:][Getting data:]#[Getting data:][Getting data:]#[Getting data:][Getting data:]#[Getting data:][Getting data:]#[Getting data:][Getting data:]#[Getting data:][Getting data:]#[Getting data:][Getting data:]#[Getting data:][Getting data:]#[Getting data:][Getting data:]#[Getting data:][Getting data:]#[Getting data:][Getting data:]#[Getting data:][Getting data:]#[Getting data:][Getting data:]#[Getting data:][Getting data:]#[Getting data:][Getting data:]#[Getting data:][Getting data:]#[Getting data:][Getting data:]#[Getting data:][Getting data:]#[Getting data:][Getting data:]#[Getting data:][Getting data:]#[Getting data:][Getting data:]#[Getting data:][Getting data:]#[Getting data:][Getting data:]#[Getting data:][Getting data:]#[Getting data:][Getting data:]#[Getting data:]
RankCrown on daysBefore 9 Len: 3
Stock: 600817 weightIR: 5.52005753821
Stock: 002815 weightIR: 3.5658184103
Stock: 300269 weightIR: 1.73265656922
daysBefore: 8 pick date: 2016-10-10 - 2016-10-15
[Getting data:]#[Getting data:][Getting data:]#[Getting data:][Getting data:]#[Getting data:][Getting data:]#[Getting data:][Getting data:]#[Getting data:][Getting data:]#[Getting data:][Getting data:]#[Getting data:][Getting data:]#[Getting data:][Getting data:]#[Getting data:][Getting data:]#[Getting data:][Getting data:]#[Getting data:][Getting data:]#[Getting data:][Getting data:]#[Getting data:][Getting data:]#[Getting data:][Getting data:]#[Getting data:][Getting data:]#[Getting data:][Getting data:]#[Getting data:][Getting data:]#[Getting data:][Getting data:]#[Getting data:][Getting data:]#[Getting data:][Getting data:]#[Getting data:][Getting data:]#[Getting data:][Getting data:]#[Getting data:][Getting data:]#[Getting data:][Getting data:]#[Getting data:][Getting data:]#[Getting data:][Getting data:]#[Getting data:][Getting data:]#[Getting data:][Getting data:]#[Getting data:][Getting data:]#[Getting data:][Getting data:]#[Getting data:][Getting data:]#[Getting data:][Getting data:]#[Getting data:][Getting data:]#[Getting data:][Getting data:]#[Getting data:][Getting data:]#[Getting data:][Getting data:]#[Getting data:][Getting data:]#[Getting data:][Getting data:]#[Getting data:][Getting data:]#[Getting data:]
RankCrown on daysBefore 8 Len: 3
Stock: 600817 weightIR: 5.52005753821
Stock: 002815 weightIR: 3.5658184103
Stock: 300269 weightIR: 1.73265656922
daysBefore: 7 pick date: 2016-10-11 - 2016-10-16
[Getting data:]#[Getting data:][Getting data:]#[Getting data:][Getting data:]#[Getting data:][Getting data:]#[Getting data:][Getting data:]#[Getting data:][Getting data:]#[Getting data:][Getting data:]#[Getting data:][Getting data:]#[Getting data:][Getting data:]#[Getting data:][Getting data:]#[Getting data:][Getting data:]#[Getting data:][Getting data:]#[Getting data:][Getting data:]#[Getting data:][Getting data:]#[Getting data:][Getting data:]#[Getting data:][Getting data:]#[Getting data:][Getting data:]#[Getting data:][Getting data:]#[Getting data:][Getting data:]#[Getting data:][Getting data:]#[Getting data:][Getting data:]#[Getting data:][Getting data:]#[Getting data:][Getting data:]#[Getting data:][Getting data:]#[Getting data:][Getting data:]#[Getting data:][Getting data:]#[Getting data:][Getting data:]#[Getting data:][Getting data:]#[Getting data:][Getting data:]#[Getting data:][Getting data:]#[Getting data:][Getting data:]#[Getting data:][Getting data:]#[Getting data:][Getting data:]#[Getting data:][Getting data:]#[Getting data:][Getting data:]#[Getting data:][Getting data:]#[Getting data:][Getting data:]#[Getting data:][Getting data:]#[Getting data:][Getting data:]#[Getting data:][Getting data:]#[Getting data:]
RankCrown on daysBefore 7 Len: 3
Stock: 600817 weightIR: 5.52005753821
Stock: 002815 weightIR: 3.5658184103
Stock: 300269 weightIR: 1.73265656922
daysBefore: 6 pick date: 2016-10-12 - 2016-10-17
[Getting data:]#[Getting data:][Getting data:]#[Getting data:][Getting data:]#[Getting data:][Getting data:]#[Getting data:][Getting data:]#[Getting data:][Getting data:]#[Getting data:][Getting data:]#[Getting data:][Getting data:]#[Getting data:][Getting data:]#[Getting data:][Getting data:]#[Getting data:][Getting data:]#[Getting data:][Getting data:]#[Getting data:][Getting data:]#[Getting data:][Getting data:]#[Getting data:][Getting data:]#[Getting data:][Getting data:]#[Getting data:][Getting data:]#[Getting data:][Getting data:]#[Getting data:][Getting data:]#[Getting data:][Getting data:]#[Getting data:][Getting data:]#[Getting data:][Getting data:]#[Getting data:][Getting data:]#[Getting data:][Getting data:]#[Getting data:][Getting data:]#[Getting data:][Getting data:]#[Getting data:][Getting data:]#[Getting data:][Getting data:]#[Getting data:][Getting data:]#[Getting data:][Getting data:]#[Getting data:][Getting data:]#[Getting data:][Getting data:]#[Getting data:][Getting data:]#[Getting data:][Getting data:]#[Getting data:][Getting data:]#[Getting data:][Getting data:]#[Getting data:][Getting data:]#[Getting data:][Getting data:]#[Getting data:][Getting data:]#[Getting data:][Getting data:]#[Getting data:]
RankCrown on daysBefore 6 Len: 0
daysBefore: 5 pick date: 2016-10-13 - 2016-10-18
[Getting data:]#[Getting data:][Getting data:]#[Getting data:][Getting data:]#[Getting data:][Getting data:]#[Getting data:][Getting data:]#[Getting data:][Getting data:]#[Getting data:][Getting data:]#[Getting data:][Getting data:]#[Getting data:][Getting data:]#[Getting data:][Getting data:]#[Getting data:][Getting data:]#[Getting data:][Getting data:]#[Getting data:][Getting data:]#[Getting data:][Getting data:]#[Getting data:][Getting data:]#[Getting data:][Getting data:]#[Getting data:][Getting data:]#[Getting data:][Getting data:]#[Getting data:][Getting data:]#[Getting data:][Getting data:]#[Getting data:][Getting data:]#[Getting data:][Getting data:]#[Getting data:][Getting data:]#[Getting data:][Getting data:]#[Getting data:][Getting data:]#[Getting data:][Getting data:]#[Getting data:][Getting data:]#[Getting data:][Getting data:]#[Getting data:][Getting data:]#[Getting data:][Getting data:]#[Getting data:][Getting data:]#[Getting data:][Getting data:]#[Getting data:][Getting data:]#[Getting data:][Getting data:]#[Getting data:][Getting data:]#[Getting data:][Getting data:]#[Getting data:][Getting data:]#[Getting data:][Getting data:]#[Getting data:][Getting data:]#[Getting data:][Getting data:]#[Getting data:]
RankCrown on daysBefore 5 Len: 3
Stock: 300303 weightIR: 6.235305393
Stock: 300301 weightIR: 2.89169344225
Stock: 601012 weightIR: 1.59784352054
daysBefore: 4 pick date: 2016-10-14 - 2016-10-19
[Getting data:]#[Getting data:][Getting data:]#[Getting data:][Getting data:]#[Getting data:][Getting data:]#[Getting data:][Getting data:]#[Getting data:][Getting data:]#[Getting data:][Getting data:]#[Getting data:][Getting data:]#[Getting data:][Getting data:]#[Getting data:][Getting data:]#[Getting data:][Getting data:]#[Getting data:][Getting data:]#[Getting data:][Getting data:]#[Getting data:][Getting data:]#[Getting data:][Getting data:]#[Getting data:][Getting data:]#[Getting data:][Getting data:]#[Getting data:][Getting data:]#[Getting data:][Getting data:]#[Getting data:][Getting data:]#[Getting data:][Getting data:]#[Getting data:][Getting data:]#[Getting data:][Getting data:]#[Getting data:][Getting data:]#[Getting data:][Getting data:]#[Getting data:][Getting data:]#[Getting data:][Getting data:]#[Getting data:][Getting data:]#[Getting data:][Getting data:]#[Getting data:][Getting data:]#[Getting data:][Getting data:]#[Getting data:][Getting data:]#[Getting data:][Getting data:]#[Getting data:][Getting data:]#[Getting data:][Getting data:]#[Getting data:][Getting data:]#[Getting data:][Getting data:]#[Getting data:][Getting data:]#[Getting data:][Getting data:]#[Getting data:][Getting data:]#[Getting data:]
RankCrown on daysBefore 4 Len: 4
Stock: 300102 weightIR: 4.98384054078
Stock: 002638 weightIR: 4.72429341414
Stock: 300303 weightIR: 2.9584660612
Stock: 002218 weightIR: 0.802418753473
daysBefore: 3 pick date: 2016-10-15 - 2016-10-20
[Getting data:]#[Getting data:][Getting data:]#[Getting data:][Getting data:]#[Getting data:][Getting data:]#[Getting data:][Getting data:]#[Getting data:][Getting data:]#[Getting data:][Getting data:]#[Getting data:][Getting data:]#[Getting data:][Getting data:]#[Getting data:][Getting data:]#[Getting data:][Getting data:]#[Getting data:][Getting data:]#[Getting data:][Getting data:]#[Getting data:][Getting data:]#[Getting data:][Getting data:]#[Getting data:][Getting data:]#[Getting data:][Getting data:]#[Getting data:][Getting data:]#[Getting data:][Getting data:]#[Getting data:][Getting data:]#[Getting data:][Getting data:]#[Getting data:][Getting data:]#[Getting data:][Getting data:]#[Getting data:][Getting data:]#[Getting data:][Getting data:]#[Getting data:][Getting data:]#[Getting data:][Getting data:]#[Getting data:][Getting data:]#[Getting data:][Getting data:]#[Getting data:][Getting data:]#[Getting data:][Getting data:]#[Getting data:][Getting data:]#[Getting data:][Getting data:]#[Getting data:][Getting data:]#[Getting data:][Getting data:]#[Getting data:][Getting data:]#[Getting data:][Getting data:]#[Getting data:][Getting data:]#[Getting data:][Getting data:]#[Getting data:][Getting data:]#[Getting data:]
RankCrown on daysBefore 3 Len: 9
Stock: 300077 weightIR: 7.96154491693
Stock: 002638 weightIR: 6.96218290989
Stock: 300327 weightIR: 4.65497088098
Stock: 300317 weightIR: 4.02930195239
Stock: 600401 weightIR: 2.43327906862
Stock: 600460 weightIR: 1.76187862738
Stock: 002119 weightIR: 1.48276829151
Stock: 600151 weightIR: 1.41435260513
Stock: 300303 weightIR: 1.34205092886
daysBefore: 2 pick date: 2016-10-16 - 2016-10-21
[Getting data:]#[Getting data:][Getting data:]#[Getting data:][Getting data:]#[Getting data:][Getting data:]#[Getting data:][Getting data:]#[Getting data:][Getting data:]#[Getting data:][Getting data:]#[Getting data:][Getting data:]#[Getting data:][Getting data:]#[Getting data:][Getting data:]#[Getting data:][Getting data:]#[Getting data:][Getting data:]#[Getting data:][Getting data:]#[Getting data:][Getting data:]#[Getting data:][Getting data:]#[Getting data:][Getting data:]#[Getting data:][Getting data:]#[Getting data:][Getting data:]#[Getting data:][Getting data:]#[Getting data:][Getting data:]#[Getting data:][Getting data:]#[Getting data:][Getting data:]#[Getting data:][Getting data:]#[Getting data:][Getting data:]#[Getting data:][Getting data:]#[Getting data:][Getting data:]#[Getting data:][Getting data:]#[Getting data:][Getting data:]#[Getting data:][Getting data:]#[Getting data:][Getting data:]#[Getting data:][Getting data:]#[Getting data:][Getting data:]#[Getting data:][Getting data:]#[Getting data:][Getting data:]#[Getting data:][Getting data:]#[Getting data:][Getting data:]#[Getting data:][Getting data:]#[Getting data:][Getting data:]#[Getting data:][Getting data:]#[Getting data:][Getting data:]#[Getting data:]
RankCrown on daysBefore 2 Len: 2
Stock: 600401 weightIR: 4.03906306831
Stock: 600151 weightIR: 1.8916125047
daysBefore: 1 pick date: 2016-10-17 - 2016-10-22
[Getting data:]#[Getting data:][Getting data:]#[Getting data:][Getting data:]#[Getting data:][Getting data:]#[Getting data:][Getting data:]#[Getting data:][Getting data:]#[Getting data:][Getting data:]#[Getting data:][Getting data:]#[Getting data:][Getting data:]#[Getting data:][Getting data:]#[Getting data:][Getting data:]#[Getting data:][Getting data:]#[Getting data:][Getting data:]#[Getting data:][Getting data:]#[Getting data:][Getting data:]#[Getting data:][Getting data:]#[Getting data:][Getting data:]#[Getting data:][Getting data:]#[Getting data:][Getting data:]#[Getting data:][Getting data:]#[Getting data:][Getting data:]#[Getting data:][Getting data:]#[Getting data:][Getting data:]#[Getting data:][Getting data:]#[Getting data:][Getting data:]#[Getting data:][Getting data:]#[Getting data:][Getting data:]#[Getting data:][Getting data:]#[Getting data:][Getting data:]#[Getting data:][Getting data:]#[Getting data:][Getting data:]#[Getting data:][Getting data:]#[Getting data:][Getting data:]#[Getting data:][Getting data:]#[Getting data:][Getting data:]#[Getting data:][Getting data:]#[Getting data:][Getting data:]#[Getting data:][Getting data:]#[Getting data:][Getting data:]#[Getting data:][Getting data:]#[Getting data:]
RankCrown on daysBefore 1 Len: 2
Stock: 600401 weightIR: 4.03906306831
Stock: 600151 weightIR: 1.8916125047
daysBefore: 0 pick date: 2016-10-18 - 2016-10-23
[Getting data:]#[Getting data:][Getting data:]#[Getting data:][Getting data:]#[Getting data:][Getting data:]#[Getting data:][Getting data:]#[Getting data:][Getting data:]#[Getting data:][Getting data:]#[Getting data:][Getting data:]#[Getting data:][Getting data:]#[Getting data:][Getting data:]#[Getting data:][Getting data:]#[Getting data:][Getting data:]#[Getting data:][Getting data:]#[Getting data:][Getting data:]#[Getting data:][Getting data:]#[Getting data:][Getting data:]#[Getting data:][Getting data:]#[Getting data:][Getting data:]#[Getting data:][Getting data:]#[Getting data:][Getting data:]#[Getting data:][Getting data:]#[Getting data:][Getting data:]#[Getting data:][Getting data:]#[Getting data:][Getting data:]#[Getting data:][Getting data:]#[Getting data:][Getting data:]#[Getting data:][Getting data:]#[Getting data:][Getting data:]#[Getting data:][Getting data:]#[Getting data:][Getting data:]#[Getting data:][Getting data:]#[Getting data:][Getting data:]#[Getting data:][Getting data:]#[Getting data:][Getting data:]#[Getting data:][Getting data:]#[Getting data:][Getting data:]#[Getting data:][Getting data:]#[Getting data:][Getting data:]#[Getting data:][Getting data:]#[Getting data:][Getting data:]#[Getting data:]/usr/local/lib/python3.5/site-packages/tushare/stock/trading.py:446: FutureWarning: sort(columns=....) is deprecated, use sort_values(by=.....)
  df = df.sort('date', ascending=False)

RankCrown on daysBefore 0 Len: 2
Stock: 600401 weightIR: 4.03906306831
Stock: 600151 weightIR: 1.8916125047
